{"level":"info","message":"Redis URL not found or development mode, using memory-only caching (Mock)","timestamp":"2026-02-12T06:35:33.988Z"}
{"level":"info","message":"Connected to MongoDB","timestamp":"2026-02-12T06:35:34.127Z"}
{"level":"info","message":"Server running on port 5000","timestamp":"2026-02-12T06:35:34.131Z"}
{"level":"info","message":"Redis URL not found or development mode, using memory-only caching (Mock)","timestamp":"2026-02-12T06:38:30.265Z"}
{"level":"info","message":"Connected to MongoDB","timestamp":"2026-02-12T06:38:30.307Z"}
{"level":"info","message":"Server running on port 5000","timestamp":"2026-02-12T06:38:30.310Z"}
{"level":"info","message":"Redis URL not found or development mode, using memory-only caching (Mock)","timestamp":"2026-02-12T06:49:51.965Z"}
{"level":"info","message":"Connected to MongoDB","timestamp":"2026-02-12T06:49:52.017Z"}
{"level":"info","message":"Redis URL not found or development mode, using memory-only caching (Mock)","timestamp":"2026-02-12T06:50:00.682Z"}
{"level":"info","message":"Connected to MongoDB","timestamp":"2026-02-12T06:50:00.867Z"}
{"level":"info","message":"Server running on port 5000","timestamp":"2026-02-12T06:50:00.881Z"}
{"level":"info","message":"Redis URL not found or development mode, using memory-only caching (Mock)","timestamp":"2026-02-12T06:50:02.033Z"}
{"level":"info","message":"Connected to MongoDB","timestamp":"2026-02-12T06:50:02.143Z"}
{"level":"info","message":"Server running on port 5000","timestamp":"2026-02-12T06:50:02.147Z"}
{"level":"info","message":"Redis URL not found or development mode, using memory-only caching (Mock)","timestamp":"2026-02-12T06:50:40.473Z"}
{"level":"info","message":"Connected to MongoDB","timestamp":"2026-02-12T06:50:40.972Z"}
{"level":"info","message":"Server running on port 5000","timestamp":"2026-02-12T06:50:41.070Z"}
{"level":"info","message":"Redis URL not found or development mode, using memory-only caching (Mock)","timestamp":"2026-02-12T07:16:11.918Z"}
{"level":"info","message":"Connected to MongoDB","timestamp":"2026-02-12T07:16:11.970Z"}
{"level":"info","message":"Server running on port 5000","timestamp":"2026-02-12T07:16:11.973Z"}
{"level":"info","message":"Redis URL not found or development mode, using memory-only caching (Mock)","timestamp":"2026-02-21T07:02:12.663Z"}
{"level":"info","message":"Connected to MongoDB","timestamp":"2026-02-21T07:02:12.721Z"}
{"level":"info","message":"Server running on port 5000","timestamp":"2026-02-21T07:02:12.724Z"}
{"level":"info","message":"Redis URL not found or development mode, using memory-only caching (Mock)","timestamp":"2026-02-21T07:41:20.393Z"}
{"level":"info","message":"Connected to MongoDB","timestamp":"2026-02-21T07:41:20.475Z"}
{"level":"info","message":"Server running on port 5000","timestamp":"2026-02-21T07:41:20.478Z"}
{"level":"info","message":"Redis URL not found or development mode, using memory-only caching (Mock)","timestamp":"2026-02-21T08:14:32.279Z"}
{"level":"info","message":"Connected to MongoDB","timestamp":"2026-02-21T08:14:32.333Z"}
{"level":"info","message":"Server running on port 5000","timestamp":"2026-02-21T08:14:32.335Z"}
{"level":"info","message":"Redis URL not found or development mode, using memory-only caching (Mock)","timestamp":"2026-02-21T08:14:34.085Z"}
{"level":"info","message":"Connected to MongoDB","timestamp":"2026-02-21T08:14:34.134Z"}
{"level":"info","message":"Server running on port 5000","timestamp":"2026-02-21T08:14:34.138Z"}
{"level":"info","message":"Redis URL not found or development mode, using memory-only caching (Mock)","timestamp":"2026-02-21T08:14:49.567Z"}
{"level":"info","message":"Connected to MongoDB","timestamp":"2026-02-21T08:14:49.623Z"}
{"level":"info","message":"Server running on port 5000","timestamp":"2026-02-21T08:14:49.625Z"}
{"level":"info","message":"Redis URL not found or development mode, using memory-only caching (Mock)","timestamp":"2026-02-21T08:14:52.142Z"}
{"level":"info","message":"Connected to MongoDB","timestamp":"2026-02-21T08:14:52.181Z"}
{"level":"info","message":"Server running on port 5000","timestamp":"2026-02-21T08:14:52.184Z"}
{"level":"info","message":"Redis URL not found or development mode, using memory-only caching (Mock)","timestamp":"2026-02-21T08:16:16.601Z"}
{"level":"info","message":"Connected to MongoDB","timestamp":"2026-02-21T08:16:16.701Z"}
{"level":"info","message":"Server running on port 5000","timestamp":"2026-02-21T08:16:16.706Z"}
{"level":"info","message":"\u001b[0mGET /api/v1/meetings \u001b[32m200\u001b[0m 344.285 ms - 19\u001b[0m","timestamp":"2026-02-21T08:16:47.574Z"}
{"level":"info","message":"Redis URL not found or development mode, using memory-only caching (Mock)","timestamp":"2026-02-21T08:24:18.347Z"}
{"level":"info","message":"Connected to MongoDB","timestamp":"2026-02-21T08:24:18.579Z"}
{"level":"info","message":"Server running on port 5000","timestamp":"2026-02-21T08:24:18.584Z"}
{"level":"info","message":"Redis URL not found or development mode, using memory-only caching (Mock)","timestamp":"2026-02-21T08:24:20.014Z"}
{"level":"info","message":"Connected to MongoDB","timestamp":"2026-02-21T08:24:20.058Z"}
{"level":"info","message":"Server running on port 5000","timestamp":"2026-02-21T08:24:20.061Z"}
{"level":"info","message":"Redis URL not found or development mode, using memory-only caching (Mock)","timestamp":"2026-02-21T08:24:22.048Z"}
{"level":"info","message":"Connected to MongoDB","timestamp":"2026-02-21T08:24:22.222Z"}
{"level":"info","message":"Server running on port 5000","timestamp":"2026-02-21T08:24:22.226Z"}
{"level":"info","message":"Redis URL not found or development mode, using memory-only caching (Mock)","timestamp":"2026-02-21T08:24:24.032Z"}
{"level":"info","message":"Connected to MongoDB","timestamp":"2026-02-21T08:24:24.089Z"}
{"level":"info","message":"Server running on port 5000","timestamp":"2026-02-21T08:24:24.092Z"}
{"level":"info","message":"\u001b[0mGET /api/v1/users/me \u001b[32m200\u001b[0m 42.967 ms - 313\u001b[0m","timestamp":"2026-02-21T08:26:17.561Z"}
{"level":"info","message":"\u001b[0mGET /api/v1/users/me \u001b[36m304\u001b[0m 6.996 ms - -\u001b[0m","timestamp":"2026-02-21T08:26:17.574Z"}
{"level":"info","message":"\u001b[0mPUT /api/v1/users/me/favorites \u001b[32m200\u001b[0m 53.383 ms - 320\u001b[0m","timestamp":"2026-02-21T08:26:17.658Z"}
{"level":"info","message":"\u001b[0mPUT /api/v1/users/me/favorites \u001b[32m200\u001b[0m 8.363 ms - 320\u001b[0m","timestamp":"2026-02-21T08:26:17.851Z"}
{"level":"info","message":"\u001b[0mPUT /api/v1/users/me/favorites \u001b[32m200\u001b[0m 14.393 ms - 320\u001b[0m","timestamp":"2026-02-21T08:27:19.854Z"}
{"level":"info","message":"\u001b[0mGET /api/v1/users/me \u001b[32m200\u001b[0m 83.881 ms - 617\u001b[0m","timestamp":"2026-02-21T08:27:32.206Z"}
{"level":"info","message":"\u001b[0mGET /api/v1/meetings \u001b[32m200\u001b[0m 26.571 ms - 19\u001b[0m","timestamp":"2026-02-21T08:27:57.316Z"}
{"level":"info","message":"\u001b[0mGET /api/v1/meetings \u001b[36m304\u001b[0m 16.688 ms - -\u001b[0m","timestamp":"2026-02-21T08:27:57.375Z"}
{"level":"info","message":"\u001b[0mPOST /api/v1/meetings/sync \u001b[32m200\u001b[0m 11.518 ms - 319\u001b[0m","timestamp":"2026-02-21T08:27:57.941Z"}
{"level":"info","message":"\u001b[0mPOST /api/v1/meetings/sync \u001b[32m200\u001b[0m 8.953 ms - 19\u001b[0m","timestamp":"2026-02-21T08:28:01.086Z"}
{"level":"info","message":"\u001b[0mPOST /api/v1/meetings/sync \u001b[32m200\u001b[0m 11.883 ms - 112\u001b[0m","timestamp":"2026-02-21T08:28:34.367Z"}
{"level":"info","message":"\u001b[0mGET /api/v1/users/me \u001b[36m304\u001b[0m 15.699 ms - -\u001b[0m","timestamp":"2026-02-21T08:28:38.800Z"}
{"level":"info","message":"\u001b[0mGET /api/v1/users/me \u001b[36m304\u001b[0m 14.214 ms - -\u001b[0m","timestamp":"2026-02-21T08:28:38.837Z"}
{"level":"info","message":"\u001b[0mGET /api/v1/users/me \u001b[36m304\u001b[0m 6.246 ms - -\u001b[0m","timestamp":"2026-02-21T08:31:09.651Z"}
{"level":"info","message":"\u001b[0mGET /api/v1/users/me \u001b[36m304\u001b[0m 4.380 ms - -\u001b[0m","timestamp":"2026-02-21T08:31:09.662Z"}
{"level":"info","message":"\u001b[0mPUT /api/v1/users/me/favorites \u001b[32m200\u001b[0m 28.019 ms - 214\u001b[0m","timestamp":"2026-02-21T08:31:42.470Z"}
{"level":"info","message":"\u001b[0mGET /api/v1/meetings \u001b[32m200\u001b[0m 71.874 ms - 112\u001b[0m","timestamp":"2026-02-21T08:31:44.553Z"}
{"level":"info","message":"\u001b[0mGET /api/v1/meetings \u001b[36m304\u001b[0m 21.304 ms - -\u001b[0m","timestamp":"2026-02-21T08:31:44.687Z"}
{"level":"info","message":"\u001b[0mPOST /api/v1/meetings/sync \u001b[32m200\u001b[0m 31.645 ms - 112\u001b[0m","timestamp":"2026-02-21T08:31:45.271Z"}
{"level":"info","message":"\u001b[0mGET /api/v1/users/me \u001b[32m200\u001b[0m 18.371 ms - 511\u001b[0m","timestamp":"2026-02-21T08:31:56.451Z"}
{"level":"info","message":"\u001b[0mGET /api/v1/users/me \u001b[36m304\u001b[0m 10.857 ms - -\u001b[0m","timestamp":"2026-02-21T08:31:56.480Z"}
{"level":"info","message":"\u001b[0mPUT /api/v1/users/me/favorites \u001b[32m200\u001b[0m 35.840 ms - 314\u001b[0m","timestamp":"2026-02-21T08:32:24.155Z"}
{"level":"info","message":"\u001b[0mPUT /api/v1/users/me/favorites \u001b[32m200\u001b[0m 17.932 ms - 216\u001b[0m","timestamp":"2026-02-21T08:32:32.833Z"}
{"level":"info","message":"\u001b[0mPUT /api/v1/users/me/favorites \u001b[32m200\u001b[0m 13.577 ms - 115\u001b[0m","timestamp":"2026-02-21T08:32:35.904Z"}
{"level":"info","message":"\u001b[0mPUT /api/v1/users/me/favorites \u001b[32m200\u001b[0m 167.338 ms - 221\u001b[0m","timestamp":"2026-02-21T08:32:58.256Z"}
{"level":"info","message":"\u001b[0mPUT /api/v1/users/me/favorites \u001b[32m200\u001b[0m 5.820 ms - 221\u001b[0m","timestamp":"2026-02-21T08:33:01.325Z"}
{"level":"info","message":"\u001b[0mGET /api/v1/meetings \u001b[36m304\u001b[0m 159.157 ms - -\u001b[0m","timestamp":"2026-02-21T08:33:04.068Z"}
{"level":"info","message":"\u001b[0mGET /api/v1/meetings \u001b[36m304\u001b[0m 135.305 ms - -\u001b[0m","timestamp":"2026-02-21T08:33:04.225Z"}
{"level":"info","message":"\u001b[0mPOST /api/v1/meetings/sync \u001b[32m200\u001b[0m 5.534 ms - 112\u001b[0m","timestamp":"2026-02-21T08:33:04.808Z"}
{"level":"info","message":"\u001b[0mGET /api/v1/users/me \u001b[32m200\u001b[0m 4.552 ms - 518\u001b[0m","timestamp":"2026-02-21T08:33:15.674Z"}
{"level":"info","message":"\u001b[0mGET /api/v1/users/me \u001b[36m304\u001b[0m 3.337 ms - -\u001b[0m","timestamp":"2026-02-21T08:33:19.757Z"}
{"level":"info","message":"\u001b[0mPATCH /api/v1/users/me \u001b[32m200\u001b[0m 363.200 ms - 672\u001b[0m","timestamp":"2026-02-21T08:33:26.010Z"}
{"level":"info","message":"\u001b[0mGET /api/v1/users/me \u001b[32m200\u001b[0m 17.092 ms - 518\u001b[0m","timestamp":"2026-02-21T08:33:27.424Z"}
{"level":"info","message":"\u001b[0mGET /api/v1/users/me \u001b[36m304\u001b[0m 19.787 ms - -\u001b[0m","timestamp":"2026-02-21T08:33:27.456Z"}
{"level":"info","message":"\u001b[0mGET /api/v1/users/me \u001b[36m304\u001b[0m 4.927 ms - -\u001b[0m","timestamp":"2026-02-21T08:34:54.130Z"}
{"level":"info","message":"\u001b[0mGET /api/v1/users/me \u001b[36m304\u001b[0m 12.573 ms - -\u001b[0m","timestamp":"2026-02-21T08:38:45.320Z"}
{"level":"info","message":"\u001b[0mGET /api/v1/users/me \u001b[36m304\u001b[0m 5.288 ms - -\u001b[0m","timestamp":"2026-02-21T08:38:45.336Z"}
{"level":"info","message":"\u001b[0mGET /api/v1/users/me \u001b[36m304\u001b[0m 13.030 ms - -\u001b[0m","timestamp":"2026-02-21T08:38:57.807Z"}
{"level":"info","message":"\u001b[0mGET /api/v1/users/me \u001b[36m304\u001b[0m 6.460 ms - -\u001b[0m","timestamp":"2026-02-21T08:38:57.825Z"}
{"level":"info","message":"\u001b[0mPUT /api/v1/users/me/favorites \u001b[32m200\u001b[0m 99.584 ms - 322\u001b[0m","timestamp":"2026-02-21T08:39:07.192Z"}
{"level":"info","message":"\u001b[0mPUT /api/v1/users/me/favorites \u001b[32m200\u001b[0m 43.935 ms - 419\u001b[0m","timestamp":"2026-02-21T08:40:11.242Z"}
{"level":"info","message":"\u001b[0mGET /api/v1/meetings \u001b[36m304\u001b[0m 10.591 ms - -\u001b[0m","timestamp":"2026-02-21T08:40:28.471Z"}
{"level":"info","message":"\u001b[0mGET /api/v1/meetings \u001b[36m304\u001b[0m 7.091 ms - -\u001b[0m","timestamp":"2026-02-21T08:40:28.503Z"}
{"level":"info","message":"\u001b[0mPOST /api/v1/meetings/sync \u001b[32m200\u001b[0m 4.651 ms - 112\u001b[0m","timestamp":"2026-02-21T08:40:29.028Z"}
{"level":"info","message":"\u001b[0mGET /api/v1/users/me \u001b[32m200\u001b[0m 7.175 ms - 716\u001b[0m","timestamp":"2026-02-21T08:40:29.213Z"}
{"level":"info","message":"\u001b[0mGET /api/v1/users/me \u001b[36m304\u001b[0m 22.769 ms - -\u001b[0m","timestamp":"2026-02-21T08:40:29.265Z"}
{"level":"info","message":"\u001b[0mGET /api/v1/users/me \u001b[36m304\u001b[0m 13.064 ms - -\u001b[0m","timestamp":"2026-02-21T08:42:55.284Z"}
{"level":"info","message":"\u001b[0mGET /api/v1/users/me \u001b[36m304\u001b[0m 14.708 ms - -\u001b[0m","timestamp":"2026-02-21T08:42:55.334Z"}
{"level":"info","message":"\u001b[0mPUT /api/v1/users/me/favorites \u001b[32m200\u001b[0m 5.092 ms - 322\u001b[0m","timestamp":"2026-02-21T08:42:58.156Z"}
{"level":"info","message":"\u001b[0mGET /api/v1/meetings \u001b[36m304\u001b[0m 14.662 ms - -\u001b[0m","timestamp":"2026-02-21T08:43:29.284Z"}
{"level":"info","message":"\u001b[0mGET /api/v1/meetings \u001b[36m304\u001b[0m 12.887 ms - -\u001b[0m","timestamp":"2026-02-21T08:43:29.419Z"}
{"level":"info","message":"\u001b[0mPOST /api/v1/meetings/sync \u001b[32m200\u001b[0m 7.129 ms - 112\u001b[0m","timestamp":"2026-02-21T08:43:29.976Z"}
{"level":"info","message":"\u001b[0mPOST /api/v1/meetings/sync \u001b[32m200\u001b[0m 9.033 ms - 201\u001b[0m","timestamp":"2026-02-21T08:43:44.482Z"}
{"level":"info","message":"\u001b[0mGET /api/v1/users/me \u001b[32m200\u001b[0m 11.531 ms - 619\u001b[0m","timestamp":"2026-02-21T08:44:01.550Z"}
{"level":"info","message":"\u001b[0mGET /api/v1/users/me \u001b[36m304\u001b[0m 12.749 ms - -\u001b[0m","timestamp":"2026-02-21T08:44:01.620Z"}
{"level":"info","message":"\u001b[0mPUT /api/v1/users/me/favorites \u001b[32m200\u001b[0m 15.192 ms - 322\u001b[0m","timestamp":"2026-02-21T08:44:06.494Z"}
{"level":"info","message":"\u001b[0mGET /api/v1/meetings \u001b[32m200\u001b[0m 18.150 ms - 201\u001b[0m","timestamp":"2026-02-21T08:44:16.258Z"}
{"level":"info","message":"\u001b[0mGET /api/v1/meetings \u001b[36m304\u001b[0m 16.854 ms - -\u001b[0m","timestamp":"2026-02-21T08:44:16.310Z"}
{"level":"info","message":"Redis URL not found or development mode, using memory-only caching (Mock)","timestamp":"2026-02-21T08:44:48.492Z"}
{"level":"info","message":"Connected to MongoDB","timestamp":"2026-02-21T08:44:48.601Z"}
{"level":"info","message":"Server running on port 5000","timestamp":"2026-02-21T08:44:48.629Z"}
{"level":"info","message":"Redis URL not found or development mode, using memory-only caching (Mock)","timestamp":"2026-02-21T08:51:05.636Z"}
{"level":"info","message":"Connected to MongoDB","timestamp":"2026-02-21T08:51:05.723Z"}
{"level":"info","message":"Server running on port 5000","timestamp":"2026-02-21T08:51:05.729Z"}
{"level":"info","message":"Redis URL not found or development mode, using memory-only caching (Mock)","timestamp":"2026-02-21T08:51:13.191Z"}
{"level":"info","message":"Connected to MongoDB","timestamp":"2026-02-21T08:51:13.248Z"}
{"level":"info","message":"\u001b[0mGET /api/v1/meetings \u001b[32m200\u001b[0m 333.951 ms - 201\u001b[0m","timestamp":"2026-02-21T08:51:15.307Z"}
{"level":"info","message":"\u001b[0mGET /api/v1/meetings \u001b[36m304\u001b[0m 47.951 ms - -\u001b[0m","timestamp":"2026-02-21T08:51:15.364Z"}
{"level":"info","message":"\u001b[0mPOST /api/v1/meetings/sync \u001b[32m200\u001b[0m 38.923 ms - 201\u001b[0m","timestamp":"2026-02-21T08:51:16.006Z"}
{"level":"info","message":"\u001b[0mGET /api/v1/users/me \u001b[32m200\u001b[0m 42.042 ms - 619\u001b[0m","timestamp":"2026-02-21T08:51:16.016Z"}
{"level":"info","message":"\u001b[0mGET /api/v1/users/me \u001b[36m304\u001b[0m 28.022 ms - -\u001b[0m","timestamp":"2026-02-21T08:51:16.062Z"}
{"level":"info","message":"\u001b[0mGET /api/v1/users/me \u001b[32m200\u001b[0m 7.007 ms - 619\u001b[0m","timestamp":"2026-02-21T08:51:42.651Z"}
{"level":"info","message":"\u001b[0mGET /api/v1/orgs/me \u001b[32m200\u001b[0m 134.093 ms - 673\u001b[0m","timestamp":"2026-02-21T08:51:51.362Z"}
{"level":"info","message":"\u001b[0mGET /api/v1/users/me \u001b[36m304\u001b[0m 45.340 ms - -\u001b[0m","timestamp":"2026-02-21T08:52:00.969Z"}
{"level":"info","message":"\u001b[0mGET /api/v1/users/me \u001b[36m304\u001b[0m 42.002 ms - -\u001b[0m","timestamp":"2026-02-21T08:52:01.125Z"}
{"level":"info","message":"\u001b[0mGET /api/v1/meetings \u001b[36m304\u001b[0m 31.054 ms - -\u001b[0m","timestamp":"2026-02-21T08:52:14.336Z"}
{"level":"info","message":"\u001b[0mGET /api/v1/meetings \u001b[36m304\u001b[0m 52.438 ms - -\u001b[0m","timestamp":"2026-02-21T08:52:14.420Z"}
{"level":"info","message":"\u001b[0mPOST /api/v1/meetings/sync \u001b[32m200\u001b[0m 71.410 ms - 201\u001b[0m","timestamp":"2026-02-21T08:52:15.064Z"}
{"level":"info","message":"\u001b[0mGET /api/v1/meetings \u001b[36m304\u001b[0m 7.264 ms - -\u001b[0m","timestamp":"2026-02-21T08:54:01.674Z"}
{"level":"info","message":"\u001b[0mGET /api/v1/meetings \u001b[36m304\u001b[0m 7.082 ms - -\u001b[0m","timestamp":"2026-02-21T08:54:01.688Z"}
{"level":"info","message":"\u001b[0mGET /api/v1/orgs/me \u001b[32m200\u001b[0m 12.636 ms - 673\u001b[0m","timestamp":"2026-02-21T08:54:01.714Z"}
{"level":"info","message":"\u001b[0mGET /api/v1/orgs/me \u001b[36m304\u001b[0m 11.869 ms - -\u001b[0m","timestamp":"2026-02-21T08:54:01.739Z"}
{"level":"info","message":"\u001b[0mPOST /api/v1/meetings/sync \u001b[32m200\u001b[0m 6.232 ms - 201\u001b[0m","timestamp":"2026-02-21T08:54:02.635Z"}
{"level":"info","message":"Redis URL not found or development mode, using memory-only caching (Mock)","timestamp":"2026-02-21T08:54:26.790Z"}
{"level":"info","message":"Connected to MongoDB","timestamp":"2026-02-21T08:54:26.853Z"}
{"level":"info","message":"\u001b[0mGET /api/v1/users/me \u001b[36m304\u001b[0m 78.825 ms - -\u001b[0m","timestamp":"2026-02-21T08:57:54.799Z"}
{"level":"info","message":"\u001b[0mGET /api/v1/users/me \u001b[36m304\u001b[0m 16.775 ms - -\u001b[0m","timestamp":"2026-02-21T08:57:54.838Z"}
{"level":"info","message":"\u001b[0mGET /api/v1/meetings \u001b[36m304\u001b[0m 125.871 ms - -\u001b[0m","timestamp":"2026-02-21T08:58:06.084Z"}
{"level":"info","message":"\u001b[0mGET /api/v1/meetings \u001b[36m304\u001b[0m 67.967 ms - -\u001b[0m","timestamp":"2026-02-21T08:58:06.241Z"}
{"level":"info","message":"\u001b[0mGET /api/v1/orgs/me \u001b[36m304\u001b[0m 130.954 ms - -\u001b[0m","timestamp":"2026-02-21T08:58:06.315Z"}
{"level":"info","message":"\u001b[0mGET /api/v1/orgs/me \u001b[36m304\u001b[0m 61.151 ms - -\u001b[0m","timestamp":"2026-02-21T08:58:06.400Z"}
{"level":"info","message":"\u001b[0mPOST /api/v1/meetings/sync \u001b[32m200\u001b[0m 30.460 ms - 201\u001b[0m","timestamp":"2026-02-21T08:58:06.878Z"}
{"level":"info","message":"\u001b[0mPOST /api/v1/meetings/sync \u001b[32m200\u001b[0m 16.018 ms - 295\u001b[0m","timestamp":"2026-02-21T08:58:09.734Z"}
{"level":"info","message":"\u001b[0mPOST /api/v1/meetings/sync \u001b[32m200\u001b[0m 6.978 ms - 401\u001b[0m","timestamp":"2026-02-21T08:58:10.722Z"}
{"level":"info","message":"\u001b[0mPOST /api/v1/meetings/sync \u001b[32m200\u001b[0m 13.020 ms - 508\u001b[0m","timestamp":"2026-02-21T08:58:11.347Z"}
{"level":"info","message":"\u001b[0mPOST /api/v1/meetings/sync \u001b[32m200\u001b[0m 16.177 ms - 295\u001b[0m","timestamp":"2026-02-21T08:58:16.305Z"}
{"level":"info","message":"\u001b[0mPOST /api/v1/meetings/sync \u001b[32m200\u001b[0m 12.319 ms - 201\u001b[0m","timestamp":"2026-02-21T08:58:17.067Z"}
{"level":"info","message":"\u001b[0mPOST /api/v1/meetings/sync \u001b[32m200\u001b[0m 8.952 ms - 295\u001b[0m","timestamp":"2026-02-21T08:58:18.995Z"}
{"level":"info","message":"\u001b[0mPOST /api/v1/meetings/sync \u001b[32m200\u001b[0m 14.025 ms - 402\u001b[0m","timestamp":"2026-02-21T08:58:26.685Z"}
{"level":"info","message":"\u001b[0mPOST /api/v1/meetings/sync \u001b[32m200\u001b[0m 11.795 ms - 508\u001b[0m","timestamp":"2026-02-21T08:58:27.466Z"}
{"level":"info","message":"\u001b[0mPOST /api/v1/meetings/sync \u001b[32m200\u001b[0m 14.120 ms - 402\u001b[0m","timestamp":"2026-02-21T08:58:31.555Z"}
{"level":"info","message":"\u001b[0mPOST /api/v1/meetings/sync \u001b[32m200\u001b[0m 12.563 ms - 308\u001b[0m","timestamp":"2026-02-21T08:58:32.746Z"}
{"level":"info","message":"\u001b[0mPOST /api/v1/meetings/sync \u001b[32m200\u001b[0m 13.215 ms - 201\u001b[0m","timestamp":"2026-02-21T08:58:34.653Z"}
{"level":"info","message":"\u001b[0mGET /api/v1/users/me \u001b[36m304\u001b[0m 93.722 ms - -\u001b[0m","timestamp":"2026-02-21T08:59:29.159Z"}
{"level":"info","message":"\u001b[0mGET /api/v1/users/me \u001b[36m304\u001b[0m 27.792 ms - -\u001b[0m","timestamp":"2026-02-21T08:59:29.204Z"}
{"level":"info","message":"\u001b[0mGET /api/v1/users/me \u001b[36m304\u001b[0m 9.125 ms - -\u001b[0m","timestamp":"2026-02-21T08:59:33.269Z"}
{"level":"info","message":"\u001b[0mGET /api/v1/users/me \u001b[36m304\u001b[0m 27.061 ms - -\u001b[0m","timestamp":"2026-02-21T08:59:33.305Z"}
{"level":"info","message":"Redis URL not found or development mode, using memory-only caching (Mock)","timestamp":"2026-02-21T08:59:48.437Z"}
{"level":"info","message":"Connected to MongoDB","timestamp":"2026-02-21T08:59:48.526Z"}
{"level":"info","message":"Server running on port 5000","timestamp":"2026-02-21T08:59:48.534Z"}
{"level":"info","message":"Redis URL not found or development mode, using memory-only caching (Mock)","timestamp":"2026-02-21T08:59:55.413Z"}
{"level":"info","message":"Connected to MongoDB","timestamp":"2026-02-21T08:59:55.491Z"}
{"level":"info","message":"Server running on port 5000","timestamp":"2026-02-21T08:59:55.494Z"}
{"level":"info","message":"\u001b[0mGET /api/v1/users/me \u001b[36m304\u001b[0m 39.018 ms - -\u001b[0m","timestamp":"2026-02-21T09:00:29.235Z"}
{"level":"info","message":"\u001b[0mGET /api/v1/users/me \u001b[36m304\u001b[0m 14.200 ms - -\u001b[0m","timestamp":"2026-02-21T09:00:29.260Z"}
{"level":"info","message":"\u001b[0mGET /api/v1/users/me \u001b[36m304\u001b[0m 33.990 ms - -\u001b[0m","timestamp":"2026-02-21T09:00:40.030Z"}
{"level":"info","message":"\u001b[0mGET /api/v1/users/me \u001b[36m304\u001b[0m 109.988 ms - -\u001b[0m","timestamp":"2026-02-21T09:00:40.207Z"}
{"level":"info","message":"\u001b[0mGET /api/v1/meetings \u001b[36m304\u001b[0m 42.069 ms - -\u001b[0m","timestamp":"2026-02-21T09:00:40.657Z"}
{"level":"info","message":"\u001b[0mGET /api/v1/meetings \u001b[36m304\u001b[0m 154.710 ms - -\u001b[0m","timestamp":"2026-02-21T09:00:40.956Z"}
{"level":"info","message":"\u001b[0mGET /api/v1/users/me \u001b[36m304\u001b[0m 58.472 ms - -\u001b[0m","timestamp":"2026-02-21T09:00:41.010Z"}
{"level":"info","message":"\u001b[0mGET /api/v1/users/me \u001b[36m304\u001b[0m 18.669 ms - -\u001b[0m","timestamp":"2026-02-21T09:00:41.047Z"}
{"level":"info","message":"\u001b[0mGET /api/v1/orgs/me \u001b[32m200\u001b[0m 128.116 ms - 673\u001b[0m","timestamp":"2026-02-21T09:00:41.171Z"}
{"level":"info","message":"\u001b[0mGET /api/v1/orgs/me \u001b[36m304\u001b[0m 18.649 ms - -\u001b[0m","timestamp":"2026-02-21T09:00:41.196Z"}
{"level":"info","message":"\u001b[0mPOST /api/v1/meetings/sync \u001b[32m200\u001b[0m 34.179 ms - 201\u001b[0m","timestamp":"2026-02-21T09:00:41.773Z"}
{"level":"info","message":"\u001b[0mPOST /api/v1/meetings/sync \u001b[32m200\u001b[0m 15.757 ms - 295\u001b[0m","timestamp":"2026-02-21T09:00:43.976Z"}
{"level":"info","message":"\u001b[0mPOST /api/v1/meetings/sync \u001b[32m200\u001b[0m 27.510 ms - 201\u001b[0m","timestamp":"2026-02-21T09:00:46.268Z"}
{"level":"info","message":"\u001b[0mGET /api/v1/users/search?q=de \u001b[32m200\u001b[0m 16.917 ms - 2\u001b[0m","timestamp":"2026-02-21T09:00:51.412Z"}
{"level":"info","message":"\u001b[0mGET /api/v1/users/search?q=demo \u001b[32m200\u001b[0m 7.585 ms - 2\u001b[0m","timestamp":"2026-02-21T09:00:52.538Z"}
{"level":"info","message":"\u001b[0mGET /api/v1/users/search?q=dem \u001b[32m200\u001b[0m 5.788 ms - 2\u001b[0m","timestamp":"2026-02-21T09:00:52.909Z"}
{"level":"info","message":"\u001b[0mGET /api/v1/users/search?q=dvy \u001b[32m200\u001b[0m 5.684 ms - 2\u001b[0m","timestamp":"2026-02-21T09:00:58.000Z"}
{"level":"info","message":"\u001b[0mGET /api/v1/users/search?q=dvyb \u001b[32m200\u001b[0m 7.191 ms - 2\u001b[0m","timestamp":"2026-02-21T09:00:59.226Z"}
{"level":"info","message":"\u001b[0mGET /api/v1/users/search?q=dvy \u001b[36m304\u001b[0m 5.487 ms - -\u001b[0m","timestamp":"2026-02-21T09:01:00.079Z"}
{"level":"info","message":"\u001b[0mGET /api/v1/users/search?q=dvynshu \u001b[32m200\u001b[0m 5.881 ms - 2\u001b[0m","timestamp":"2026-02-21T09:01:01.358Z"}
{"level":"info","message":"\u001b[0mPOST /api/v1/meetings/sync \u001b[32m200\u001b[0m 25.908 ms - 107\u001b[0m","timestamp":"2026-02-21T09:01:04.119Z"}
{"level":"info","message":"\u001b[0mGET /api/v1/users/search?q=dvynshu \u001b[36m304\u001b[0m 6.618 ms - -\u001b[0m","timestamp":"2026-02-21T09:01:08.552Z"}
{"level":"info","message":"\u001b[0mGET /api/v1/meetings \u001b[32m200\u001b[0m 112.873 ms - 107\u001b[0m","timestamp":"2026-02-21T09:01:25.543Z"}
{"level":"info","message":"\u001b[0mGET /api/v1/meetings \u001b[36m304\u001b[0m 105.371 ms - -\u001b[0m","timestamp":"2026-02-21T09:01:25.704Z"}
{"level":"info","message":"\u001b[0mGET /api/v1/users/me \u001b[36m304\u001b[0m 209.454 ms - -\u001b[0m","timestamp":"2026-02-21T09:01:25.869Z"}
{"level":"info","message":"\u001b[0mGET /api/v1/users/me \u001b[36m304\u001b[0m 158.106 ms - -\u001b[0m","timestamp":"2026-02-21T09:01:26.161Z"}
{"level":"info","message":"\u001b[0mGET /api/v1/orgs/me \u001b[36m304\u001b[0m 193.576 ms - -\u001b[0m","timestamp":"2026-02-21T09:01:26.341Z"}
{"level":"info","message":"\u001b[0mGET /api/v1/orgs/me \u001b[36m304\u001b[0m 42.454 ms - -\u001b[0m","timestamp":"2026-02-21T09:01:26.443Z"}
{"level":"info","message":"\u001b[0mPOST /api/v1/meetings/sync \u001b[32m200\u001b[0m 13.682 ms - 107\u001b[0m","timestamp":"2026-02-21T09:01:26.880Z"}
{"level":"info","message":"\u001b[0mGET /api/v1/orgs/me \u001b[36m304\u001b[0m 14.244 ms - -\u001b[0m","timestamp":"2026-02-21T09:01:59.820Z"}
{"level":"info","message":"\u001b[0mGET /api/v1/orgs/me \u001b[36m304\u001b[0m 12.739 ms - -\u001b[0m","timestamp":"2026-02-21T09:01:59.840Z"}
{"level":"info","message":"\u001b[0mGET /api/v1/users/me \u001b[36m304\u001b[0m 17.871 ms - -\u001b[0m","timestamp":"2026-02-21T09:02:45.184Z"}
{"level":"info","message":"\u001b[0mPATCH /api/v1/users/me \u001b[32m200\u001b[0m 81.529 ms - 769\u001b[0m","timestamp":"2026-02-21T09:03:08.811Z"}
{"level":"info","message":"\u001b[0mGET /api/v1/orgs/me \u001b[32m200\u001b[0m 31.247 ms - 671\u001b[0m","timestamp":"2026-02-21T09:03:12.364Z"}
{"level":"info","message":"\u001b[0mGET /api/v1/orgs/me \u001b[36m304\u001b[0m 22.243 ms - -\u001b[0m","timestamp":"2026-02-21T09:03:12.392Z"}
{"level":"info","message":"\u001b[0mGET /api/v1/users/me \u001b[32m200\u001b[0m 6.932 ms - 615\u001b[0m","timestamp":"2026-02-21T09:03:18.436Z"}
{"level":"info","message":"\u001b[0mGET /api/v1/users/me \u001b[36m304\u001b[0m 43.555 ms - -\u001b[0m","timestamp":"2026-02-21T09:03:18.495Z"}
{"level":"info","message":"\u001b[0mGET /api/v1/meetings \u001b[36m304\u001b[0m 9.278 ms - -\u001b[0m","timestamp":"2026-02-21T09:03:22.352Z"}
{"level":"info","message":"\u001b[0mGET /api/v1/users/me \u001b[36m304\u001b[0m 116.101 ms - -\u001b[0m","timestamp":"2026-02-21T09:03:22.610Z"}
{"level":"info","message":"\u001b[0mGET /api/v1/meetings \u001b[36m304\u001b[0m 182.053 ms - -\u001b[0m","timestamp":"2026-02-21T09:03:22.632Z"}
{"level":"info","message":"\u001b[0mGET /api/v1/users/me \u001b[36m304\u001b[0m 24.373 ms - -\u001b[0m","timestamp":"2026-02-21T09:03:22.714Z"}
{"level":"info","message":"\u001b[0mGET /api/v1/orgs/me \u001b[36m304\u001b[0m 70.789 ms - -\u001b[0m","timestamp":"2026-02-21T09:03:22.729Z"}
{"level":"info","message":"\u001b[0mGET /api/v1/orgs/me \u001b[36m304\u001b[0m 12.218 ms - -\u001b[0m","timestamp":"2026-02-21T09:03:22.750Z"}
{"level":"info","message":"\u001b[0mPOST /api/v1/meetings/sync \u001b[32m200\u001b[0m 13.326 ms - 107\u001b[0m","timestamp":"2026-02-21T09:03:23.267Z"}
{"level":"info","message":"\u001b[0mGET /api/v1/orgs/me \u001b[36m304\u001b[0m 29.219 ms - -\u001b[0m","timestamp":"2026-02-21T09:03:30.685Z"}
{"level":"info","message":"\u001b[0mGET /api/v1/orgs/me \u001b[36m304\u001b[0m 14.858 ms - -\u001b[0m","timestamp":"2026-02-21T09:03:30.703Z"}
{"level":"info","message":"\u001b[0mGET /api/v1/meetings \u001b[36m304\u001b[0m 18.081 ms - -\u001b[0m","timestamp":"2026-02-21T09:03:35.994Z"}
{"level":"info","message":"\u001b[0mGET /api/v1/meetings \u001b[36m304\u001b[0m 136.813 ms - -\u001b[0m","timestamp":"2026-02-21T09:03:36.181Z"}
{"level":"info","message":"\u001b[0mGET /api/v1/users/me \u001b[36m304\u001b[0m 41.425 ms - -\u001b[0m","timestamp":"2026-02-21T09:03:36.213Z"}
{"level":"info","message":"\u001b[0mGET /api/v1/users/me \u001b[36m304\u001b[0m 30.850 ms - -\u001b[0m","timestamp":"2026-02-21T09:03:36.252Z"}
{"level":"info","message":"\u001b[0mGET /api/v1/orgs/me \u001b[36m304\u001b[0m 43.888 ms - -\u001b[0m","timestamp":"2026-02-21T09:03:36.286Z"}
{"level":"info","message":"\u001b[0mGET /api/v1/orgs/me \u001b[36m304\u001b[0m 22.254 ms - -\u001b[0m","timestamp":"2026-02-21T09:03:36.333Z"}
{"level":"info","message":"\u001b[0mPOST /api/v1/meetings/sync \u001b[32m200\u001b[0m 26.406 ms - 107\u001b[0m","timestamp":"2026-02-21T09:03:36.850Z"}
{"level":"info","message":"\u001b[0mPOST /api/v1/meetings/sync \u001b[32m200\u001b[0m 8.159 ms - 213\u001b[0m","timestamp":"2026-02-21T09:03:50.355Z"}
{"level":"info","message":"\u001b[0mGET /api/v1/orgs/me \u001b[36m304\u001b[0m 9.175 ms - -\u001b[0m","timestamp":"2026-02-21T09:03:59.455Z"}
{"level":"info","message":"\u001b[0mGET /api/v1/orgs/me \u001b[36m304\u001b[0m 10.989 ms - -\u001b[0m","timestamp":"2026-02-21T09:03:59.472Z"}
{"level":"info","message":"\u001b[0mGET /api/v1/orgs/me \u001b[36m304\u001b[0m 22.206 ms - -\u001b[0m","timestamp":"2026-02-21T09:04:03.345Z"}
{"level":"info","message":"\u001b[0mGET /api/v1/orgs/me \u001b[36m304\u001b[0m 13.977 ms - -\u001b[0m","timestamp":"2026-02-21T09:04:03.365Z"}
{"level":"info","message":"\u001b[0mGET /api/v1/users/me \u001b[36m304\u001b[0m 10.470 ms - -\u001b[0m","timestamp":"2026-02-21T09:04:09.178Z"}
{"level":"info","message":"\u001b[0mGET /api/v1/users/me \u001b[36m304\u001b[0m 8.018 ms - -\u001b[0m","timestamp":"2026-02-21T09:04:09.221Z"}
{"level":"info","message":"\u001b[0mGET /api/v1/meetings \u001b[32m200\u001b[0m 18.624 ms - 213\u001b[0m","timestamp":"2026-02-21T09:04:20.817Z"}
{"level":"info","message":"\u001b[0mGET /api/v1/users/me \u001b[36m304\u001b[0m 31.333 ms - -\u001b[0m","timestamp":"2026-02-21T09:04:20.898Z"}
{"level":"info","message":"\u001b[0mGET /api/v1/meetings \u001b[36m304\u001b[0m 93.365 ms - -\u001b[0m","timestamp":"2026-02-21T09:04:20.932Z"}
{"level":"info","message":"\u001b[0mGET /api/v1/orgs/me \u001b[36m304\u001b[0m 65.111 ms - -\u001b[0m","timestamp":"2026-02-21T09:04:21.062Z"}
{"level":"info","message":"\u001b[0mGET /api/v1/users/me \u001b[36m304\u001b[0m 78.444 ms - -\u001b[0m","timestamp":"2026-02-21T09:04:21.083Z"}
{"level":"info","message":"\u001b[0mGET /api/v1/orgs/me \u001b[36m304\u001b[0m 62.732 ms - -\u001b[0m","timestamp":"2026-02-21T09:04:21.201Z"}
{"level":"info","message":"\u001b[0mGET /api/v1/orgs/me \u001b[36m304\u001b[0m 12.183 ms - -\u001b[0m","timestamp":"2026-02-21T09:04:21.218Z"}
{"level":"info","message":"\u001b[0mGET /api/v1/orgs/me \u001b[36m304\u001b[0m 13.079 ms - -\u001b[0m","timestamp":"2026-02-21T09:04:21.236Z"}
{"level":"info","message":"\u001b[0mGET /api/v1/users/me \u001b[36m304\u001b[0m 17.959 ms - -\u001b[0m","timestamp":"2026-02-21T09:04:22.089Z"}
{"level":"info","message":"\u001b[0mGET /api/v1/users/me \u001b[36m304\u001b[0m 17.879 ms - -\u001b[0m","timestamp":"2026-02-21T09:04:22.125Z"}
{"level":"info","message":"\u001b[0mGET /api/v1/meetings \u001b[36m304\u001b[0m 114.425 ms - -\u001b[0m","timestamp":"2026-02-21T09:04:22.532Z"}
{"level":"info","message":"\u001b[0mGET /api/v1/meetings \u001b[36m304\u001b[0m 35.267 ms - -\u001b[0m","timestamp":"2026-02-21T09:04:22.604Z"}
{"level":"info","message":"\u001b[0mGET /api/v1/users/me \u001b[36m304\u001b[0m 50.880 ms - -\u001b[0m","timestamp":"2026-02-21T09:04:22.629Z"}
{"level":"info","message":"\u001b[0mGET /api/v1/users/me \u001b[36m304\u001b[0m 24.701 ms - -\u001b[0m","timestamp":"2026-02-21T09:04:22.699Z"}
{"level":"info","message":"\u001b[0mGET /api/v1/orgs/me \u001b[36m304\u001b[0m 36.689 ms - -\u001b[0m","timestamp":"2026-02-21T09:04:22.713Z"}
{"level":"info","message":"\u001b[0mGET /api/v1/orgs/me \u001b[36m304\u001b[0m 13.985 ms - -\u001b[0m","timestamp":"2026-02-21T09:04:22.736Z"}
{"level":"info","message":"\u001b[0mGET /api/v1/orgs/me \u001b[36m304\u001b[0m 20.075 ms - -\u001b[0m","timestamp":"2026-02-21T09:04:22.764Z"}
{"level":"info","message":"\u001b[0mGET /api/v1/orgs/me \u001b[36m304\u001b[0m 55.256 ms - -\u001b[0m","timestamp":"2026-02-21T09:04:22.857Z"}
{"level":"info","message":"\u001b[0mGET /api/v1/users/me \u001b[36m304\u001b[0m 16.067 ms - -\u001b[0m","timestamp":"2026-02-21T09:04:49.400Z"}
{"level":"info","message":"\u001b[0mPATCH /api/v1/users/me \u001b[32m200\u001b[0m 8.733 ms - 769\u001b[0m","timestamp":"2026-02-21T09:04:52.494Z"}
